ERROR - 2024-02-29 08:47:07 --> [Microsoft][ODBC Driver 17 for SQL Server][SQL Server]El tipo de datos de la columna 'categorias.id_categoria' no coincide con el de la columna 'publicaciones.id_categoria' que hace la referencia en la clave externa 'publicaciones_id_categoria_foreign'.
CRITICAL - 2024-02-29 09:30:07 --> Error: Call to a member function isValid() on null
in APPPATH\Controllers\PublicationController.php on line 46.
 1 SYSTEMPATH\CodeIgniter.php(941): App\Controllers\PublicationController->storePublication()
 2 SYSTEMPATH\CodeIgniter.php(502): CodeIgniter\CodeIgniter->runController(Object(App\Controllers\PublicationController))
 3 SYSTEMPATH\CodeIgniter.php(361): CodeIgniter\CodeIgniter->handleRequest(null, Object(Config\Cache), false)
 4 FCPATH\index.php(79): CodeIgniter\CodeIgniter->run()
CRITICAL - 2024-02-29 09:30:52 --> RuntimeException: No file was uploaded.(4)
in APPPATH\Controllers\PublicationController.php on line 48.
 1 SYSTEMPATH\CodeIgniter.php(941): App\Controllers\PublicationController->storePublication()
 2 SYSTEMPATH\CodeIgniter.php(502): CodeIgniter\CodeIgniter->runController(Object(App\Controllers\PublicationController))
 3 SYSTEMPATH\CodeIgniter.php(361): CodeIgniter\CodeIgniter->handleRequest(null, Object(Config\Cache), false)
 4 FCPATH\index.php(79): CodeIgniter\CodeIgniter->run()
CRITICAL - 2024-02-29 09:32:10 --> RuntimeException: No file was uploaded.(4)
in APPPATH\Controllers\PublicationController.php on line 49.
 1 SYSTEMPATH\CodeIgniter.php(941): App\Controllers\PublicationController->storePublication()
 2 SYSTEMPATH\CodeIgniter.php(502): CodeIgniter\CodeIgniter->runController(Object(App\Controllers\PublicationController))
 3 SYSTEMPATH\CodeIgniter.php(361): CodeIgniter\CodeIgniter->handleRequest(null, Object(Config\Cache), false)
 4 FCPATH\index.php(79): CodeIgniter\CodeIgniter->run()
CRITICAL - 2024-02-29 09:32:27 --> CodeIgniter\HTTP\Exceptions\HTTPException: The original file is not a valid file.
in SYSTEMPATH\HTTP\Files\UploadedFile.php on line 146.
 1 SYSTEMPATH\HTTP\Files\UploadedFile.php(146): CodeIgniter\HTTP\Exceptions\HTTPException::forInvalidFile()
 2 APPPATH\Controllers\PublicationController.php(54): CodeIgniter\HTTP\Files\UploadedFile->move('../public/uploadFile/publication/', '1709213547_100c5694ea9d192c53e5')
 3 SYSTEMPATH\CodeIgniter.php(941): App\Controllers\PublicationController->storePublication()
 4 SYSTEMPATH\CodeIgniter.php(502): CodeIgniter\CodeIgniter->runController(Object(App\Controllers\PublicationController))
 5 SYSTEMPATH\CodeIgniter.php(361): CodeIgniter\CodeIgniter->handleRequest(null, Object(Config\Cache), false)
 6 FCPATH\index.php(79): CodeIgniter\CodeIgniter->run()
CRITICAL - 2024-02-29 09:32:34 --> RuntimeException: No file was uploaded.(4)
in APPPATH\Controllers\PublicationController.php on line 49.
 1 SYSTEMPATH\CodeIgniter.php(941): App\Controllers\PublicationController->storePublication()
 2 SYSTEMPATH\CodeIgniter.php(502): CodeIgniter\CodeIgniter->runController(Object(App\Controllers\PublicationController))
 3 SYSTEMPATH\CodeIgniter.php(361): CodeIgniter\CodeIgniter->handleRequest(null, Object(Config\Cache), false)
 4 FCPATH\index.php(79): CodeIgniter\CodeIgniter->run()
CRITICAL - 2024-02-29 09:32:49 --> RuntimeException: No file was uploaded.(4)
in APPPATH\Controllers\PublicationController.php on line 50.
 1 SYSTEMPATH\CodeIgniter.php(941): App\Controllers\PublicationController->storePublication()
 2 SYSTEMPATH\CodeIgniter.php(502): CodeIgniter\CodeIgniter->runController(Object(App\Controllers\PublicationController))
 3 SYSTEMPATH\CodeIgniter.php(361): CodeIgniter\CodeIgniter->handleRequest(null, Object(Config\Cache), false)
 4 FCPATH\index.php(79): CodeIgniter\CodeIgniter->run()
CRITICAL - 2024-02-29 09:32:58 --> RuntimeException: No file was uploaded.(4)
in APPPATH\Controllers\PublicationController.php on line 50.
 1 SYSTEMPATH\CodeIgniter.php(941): App\Controllers\PublicationController->storePublication()
 2 SYSTEMPATH\CodeIgniter.php(502): CodeIgniter\CodeIgniter->runController(Object(App\Controllers\PublicationController))
 3 SYSTEMPATH\CodeIgniter.php(361): CodeIgniter\CodeIgniter->handleRequest(null, Object(Config\Cache), false)
 4 FCPATH\index.php(79): CodeIgniter\CodeIgniter->run()
CRITICAL - 2024-02-29 09:33:17 --> RuntimeException: No file was uploaded.(4)
in APPPATH\Controllers\PublicationController.php on line 50.
 1 SYSTEMPATH\CodeIgniter.php(941): App\Controllers\PublicationController->storePublication()
 2 SYSTEMPATH\CodeIgniter.php(502): CodeIgniter\CodeIgniter->runController(Object(App\Controllers\PublicationController))
 3 SYSTEMPATH\CodeIgniter.php(361): CodeIgniter\CodeIgniter->handleRequest(null, Object(Config\Cache), false)
 4 FCPATH\index.php(79): CodeIgniter\CodeIgniter->run()
CRITICAL - 2024-02-29 09:33:26 --> CodeIgniter\HTTP\Exceptions\HTTPException: The original file is not a valid file.
in SYSTEMPATH\HTTP\Files\UploadedFile.php on line 146.
 1 SYSTEMPATH\HTTP\Files\UploadedFile.php(146): CodeIgniter\HTTP\Exceptions\HTTPException::forInvalidFile()
 2 APPPATH\Controllers\PublicationController.php(54): CodeIgniter\HTTP\Files\UploadedFile->move('../public/uploadFile/publication/', '1709213606_747fb73db07c1f063f2f')
 3 SYSTEMPATH\CodeIgniter.php(941): App\Controllers\PublicationController->storePublication()
 4 SYSTEMPATH\CodeIgniter.php(502): CodeIgniter\CodeIgniter->runController(Object(App\Controllers\PublicationController))
 5 SYSTEMPATH\CodeIgniter.php(361): CodeIgniter\CodeIgniter->handleRequest(null, Object(Config\Cache), false)
 6 FCPATH\index.php(79): CodeIgniter\CodeIgniter->run()
CRITICAL - 2024-02-29 09:33:32 --> CodeIgniter\HTTP\Exceptions\HTTPException: The original file is not a valid file.
in SYSTEMPATH\HTTP\Files\UploadedFile.php on line 146.
 1 SYSTEMPATH\HTTP\Files\UploadedFile.php(146): CodeIgniter\HTTP\Exceptions\HTTPException::forInvalidFile()
 2 APPPATH\Controllers\PublicationController.php(54): CodeIgniter\HTTP\Files\UploadedFile->move('../public/uploadFile/publication/', '1709213612_736d45d85c982e0a9466')
 3 SYSTEMPATH\CodeIgniter.php(941): App\Controllers\PublicationController->storePublication()
 4 SYSTEMPATH\CodeIgniter.php(502): CodeIgniter\CodeIgniter->runController(Object(App\Controllers\PublicationController))
 5 SYSTEMPATH\CodeIgniter.php(361): CodeIgniter\CodeIgniter->handleRequest(null, Object(Config\Cache), false)
 6 FCPATH\index.php(79): CodeIgniter\CodeIgniter->run()
CRITICAL - 2024-02-29 09:34:07 --> CodeIgniter\HTTP\Exceptions\HTTPException: The original file is not a valid file.
in SYSTEMPATH\HTTP\Files\UploadedFile.php on line 146.
 1 SYSTEMPATH\HTTP\Files\UploadedFile.php(146): CodeIgniter\HTTP\Exceptions\HTTPException::forInvalidFile()
 2 APPPATH\Controllers\PublicationController.php(54): CodeIgniter\HTTP\Files\UploadedFile->move('../public/uploadFile/publication/', '1709213647_c3677aa615b36c7abfa0')
 3 SYSTEMPATH\CodeIgniter.php(941): App\Controllers\PublicationController->storePublication()
 4 SYSTEMPATH\CodeIgniter.php(502): CodeIgniter\CodeIgniter->runController(Object(App\Controllers\PublicationController))
 5 SYSTEMPATH\CodeIgniter.php(361): CodeIgniter\CodeIgniter->handleRequest(null, Object(Config\Cache), false)
 6 FCPATH\index.php(79): CodeIgniter\CodeIgniter->run()
CRITICAL - 2024-02-29 09:39:40 --> Error: Call to a member function isValid() on null
in APPPATH\Controllers\PublicationController.php on line 47.
 1 SYSTEMPATH\CodeIgniter.php(941): App\Controllers\PublicationController->storePublication()
 2 SYSTEMPATH\CodeIgniter.php(502): CodeIgniter\CodeIgniter->runController(Object(App\Controllers\PublicationController))
 3 SYSTEMPATH\CodeIgniter.php(361): CodeIgniter\CodeIgniter->handleRequest(null, Object(Config\Cache), false)
 4 FCPATH\index.php(79): CodeIgniter\CodeIgniter->run()
CRITICAL - 2024-02-29 09:40:35 --> CodeIgniter\HTTP\Exceptions\HTTPException: The original file is not a valid file.
in SYSTEMPATH\HTTP\Files\UploadedFile.php on line 146.
 1 SYSTEMPATH\HTTP\Files\UploadedFile.php(146): CodeIgniter\HTTP\Exceptions\HTTPException::forInvalidFile()
 2 APPPATH\Controllers\PublicationController.php(54): CodeIgniter\HTTP\Files\UploadedFile->move('../public/uploadFile/publication/', '1709214035_5603eebf383583d5798c')
 3 SYSTEMPATH\CodeIgniter.php(941): App\Controllers\PublicationController->storePublication()
 4 SYSTEMPATH\CodeIgniter.php(502): CodeIgniter\CodeIgniter->runController(Object(App\Controllers\PublicationController))
 5 SYSTEMPATH\CodeIgniter.php(361): CodeIgniter\CodeIgniter->handleRequest(null, Object(Config\Cache), false)
 6 FCPATH\index.php(79): CodeIgniter\CodeIgniter->run()
ERROR - 2024-02-29 09:44:22 --> [Microsoft][ODBC Driver 17 for SQL Server][SQL Server]No se puede insertar el valor NULL en la columna 'usuario_creacion', tabla 'BoliConnect.dbo.publicaciones'. La columna no admite valores NULL. Error de INSERT.
CRITICAL - 2024-02-29 09:44:22 --> CodeIgniter\Database\Exceptions\DatabaseException: [Microsoft][ODBC Driver 17 for SQL Server][SQL Server]No se puede insertar el valor NULL en la columna 'usuario_creacion', tabla 'BoliConnect.dbo.publicaciones'. La columna no admite valores NULL. Error de INSERT.
in SYSTEMPATH\Database\BaseConnection.php on line 647.
 1 SYSTEMPATH\Database\BaseBuilder.php(2307): CodeIgniter\Database\BaseConnection->query('INSERT INTO "BoliConnect"."dbo"."publicaciones" ("mensaje","id_categoria","fecha_creacion","activo") VALUES (:mensaje:, :id_categoria:, :fecha_creacion:, :activo:)', [...], false)
 2 SYSTEMPATH\Model.php(326): CodeIgniter\Database\BaseBuilder->insert()
 3 SYSTEMPATH\BaseModel.php(802): CodeIgniter\Model->doInsert([...])
 4 SYSTEMPATH\Model.php(744): CodeIgniter\BaseModel->insert([...], false)
 5 SYSTEMPATH\BaseModel.php(713): CodeIgniter\Model->insert([...], false)
 6 APPPATH\Controllers\PublicationController.php(57): CodeIgniter\BaseModel->save([...])
 7 SYSTEMPATH\CodeIgniter.php(941): App\Controllers\PublicationController->storePublication()
 8 SYSTEMPATH\CodeIgniter.php(502): CodeIgniter\CodeIgniter->runController(Object(App\Controllers\PublicationController))
 9 SYSTEMPATH\CodeIgniter.php(361): CodeIgniter\CodeIgniter->handleRequest(null, Object(Config\Cache), false)
10 FCPATH\index.php(79): CodeIgniter\CodeIgniter->run()
CRITICAL - 2024-02-29 09:44:22 --> [Caused by] CodeIgniter\Database\Exceptions\DatabaseException: [Microsoft][ODBC Driver 17 for SQL Server][SQL Server]No se puede insertar el valor NULL en la columna 'usuario_creacion', tabla 'BoliConnect.dbo.publicaciones'. La columna no admite valores NULL. Error de INSERT.
in SYSTEMPATH\Database\SQLSRV\Connection.php on line 482.
 1 SYSTEMPATH\Database\BaseConnection.php(693): CodeIgniter\Database\SQLSRV\Connection->execute('INSERT INTO "BoliConnect"."dbo"."publicaciones" ("mensaje","id_categoria","fecha_creacion","activo") VALUES (\'Hola mundo\', 1, \'2024-02-29 09:44:22\', 1)')
 2 SYSTEMPATH\Database\BaseConnection.php(607): CodeIgniter\Database\BaseConnection->simpleQuery('INSERT INTO "BoliConnect"."dbo"."publicaciones" ("mensaje","id_categoria","fecha_creacion","activo") VALUES (\'Hola mundo\', 1, \'2024-02-29 09:44:22\', 1)')
 3 SYSTEMPATH\Database\BaseBuilder.php(2307): CodeIgniter\Database\BaseConnection->query('INSERT INTO "BoliConnect"."dbo"."publicaciones" ("mensaje","id_categoria","fecha_creacion","activo") VALUES (:mensaje:, :id_categoria:, :fecha_creacion:, :activo:)', [...], false)
 4 SYSTEMPATH\Model.php(326): CodeIgniter\Database\BaseBuilder->insert()
 5 SYSTEMPATH\BaseModel.php(802): CodeIgniter\Model->doInsert([...])
 6 SYSTEMPATH\Model.php(744): CodeIgniter\BaseModel->insert([...], false)
 7 SYSTEMPATH\BaseModel.php(713): CodeIgniter\Model->insert([...], false)
 8 APPPATH\Controllers\PublicationController.php(57): CodeIgniter\BaseModel->save([...])
 9 SYSTEMPATH\CodeIgniter.php(941): App\Controllers\PublicationController->storePublication()
10 SYSTEMPATH\CodeIgniter.php(502): CodeIgniter\CodeIgniter->runController(Object(App\Controllers\PublicationController))
11 SYSTEMPATH\CodeIgniter.php(361): CodeIgniter\CodeIgniter->handleRequest(null, Object(Config\Cache), false)
12 FCPATH\index.php(79): CodeIgniter\CodeIgniter->run()
ERROR - 2024-02-29 09:44:56 --> [Microsoft][ODBC Driver 17 for SQL Server][SQL Server]No se puede insertar el valor NULL en la columna 'usuario_creacion', tabla 'BoliConnect.dbo.publicaciones'. La columna no admite valores NULL. Error de INSERT.
CRITICAL - 2024-02-29 09:44:56 --> CodeIgniter\Database\Exceptions\DatabaseException: [Microsoft][ODBC Driver 17 for SQL Server][SQL Server]No se puede insertar el valor NULL en la columna 'usuario_creacion', tabla 'BoliConnect.dbo.publicaciones'. La columna no admite valores NULL. Error de INSERT.
in SYSTEMPATH\Database\BaseConnection.php on line 647.
 1 SYSTEMPATH\Database\BaseBuilder.php(2307): CodeIgniter\Database\BaseConnection->query('INSERT INTO "BoliConnect"."dbo"."publicaciones" ("mensaje","id_categoria","fecha_creacion","activo") VALUES (:mensaje:, :id_categoria:, :fecha_creacion:, :activo:)', [...], false)
 2 SYSTEMPATH\Model.php(326): CodeIgniter\Database\BaseBuilder->insert()
 3 SYSTEMPATH\BaseModel.php(802): CodeIgniter\Model->doInsert([...])
 4 SYSTEMPATH\Model.php(744): CodeIgniter\BaseModel->insert([...], false)
 5 SYSTEMPATH\BaseModel.php(713): CodeIgniter\Model->insert([...], false)
 6 APPPATH\Controllers\PublicationController.php(58): CodeIgniter\BaseModel->save([...])
 7 SYSTEMPATH\CodeIgniter.php(941): App\Controllers\PublicationController->storePublication()
 8 SYSTEMPATH\CodeIgniter.php(502): CodeIgniter\CodeIgniter->runController(Object(App\Controllers\PublicationController))
 9 SYSTEMPATH\CodeIgniter.php(361): CodeIgniter\CodeIgniter->handleRequest(null, Object(Config\Cache), false)
10 FCPATH\index.php(79): CodeIgniter\CodeIgniter->run()
CRITICAL - 2024-02-29 09:44:56 --> [Caused by] CodeIgniter\Database\Exceptions\DatabaseException: [Microsoft][ODBC Driver 17 for SQL Server][SQL Server]No se puede insertar el valor NULL en la columna 'usuario_creacion', tabla 'BoliConnect.dbo.publicaciones'. La columna no admite valores NULL. Error de INSERT.
in SYSTEMPATH\Database\SQLSRV\Connection.php on line 482.
 1 SYSTEMPATH\Database\BaseConnection.php(693): CodeIgniter\Database\SQLSRV\Connection->execute('INSERT INTO "BoliConnect"."dbo"."publicaciones" ("mensaje","id_categoria","fecha_creacion","activo") VALUES (\'Hola mundo\', 1, \'2024-02-29 09:44:56\', 1)')
 2 SYSTEMPATH\Database\BaseConnection.php(607): CodeIgniter\Database\BaseConnection->simpleQuery('INSERT INTO "BoliConnect"."dbo"."publicaciones" ("mensaje","id_categoria","fecha_creacion","activo") VALUES (\'Hola mundo\', 1, \'2024-02-29 09:44:56\', 1)')
 3 SYSTEMPATH\Database\BaseBuilder.php(2307): CodeIgniter\Database\BaseConnection->query('INSERT INTO "BoliConnect"."dbo"."publicaciones" ("mensaje","id_categoria","fecha_creacion","activo") VALUES (:mensaje:, :id_categoria:, :fecha_creacion:, :activo:)', [...], false)
 4 SYSTEMPATH\Model.php(326): CodeIgniter\Database\BaseBuilder->insert()
 5 SYSTEMPATH\BaseModel.php(802): CodeIgniter\Model->doInsert([...])
 6 SYSTEMPATH\Model.php(744): CodeIgniter\BaseModel->insert([...], false)
 7 SYSTEMPATH\BaseModel.php(713): CodeIgniter\Model->insert([...], false)
 8 APPPATH\Controllers\PublicationController.php(58): CodeIgniter\BaseModel->save([...])
 9 SYSTEMPATH\CodeIgniter.php(941): App\Controllers\PublicationController->storePublication()
10 SYSTEMPATH\CodeIgniter.php(502): CodeIgniter\CodeIgniter->runController(Object(App\Controllers\PublicationController))
11 SYSTEMPATH\CodeIgniter.php(361): CodeIgniter\CodeIgniter->handleRequest(null, Object(Config\Cache), false)
12 FCPATH\index.php(79): CodeIgniter\CodeIgniter->run()
CRITICAL - 2024-02-29 10:13:41 --> ErrorException: require_once(C:\xampp2\htdocs\chatBolivision\app\libraries/Firebase/JWT/autoload.php): Failed to open stream: No such file or directory
in APPPATH\Controllers\AuthController.php on line 18.
 1 APPPATH\Controllers\AuthController.php(18): CodeIgniter\Debug\Exceptions->errorHandler(2, 'require_once(C:\\xampp2\\htdocs\\chatBolivision\\app\\libraries/Firebase/JWT/autoload.php): Failed to open stream: No such file or directory', 'C:\\xampp2\\htdocs\\chatBolivision\\app\\Controllers\\AuthController.php', 18)
 2 APPPATH\Controllers\AuthController.php(18): require_once()
 3 SYSTEMPATH\CodeIgniter.php(913): App\Controllers\AuthController->__construct()
 4 SYSTEMPATH\CodeIgniter.php(493): CodeIgniter\CodeIgniter->createController()
 5 SYSTEMPATH\CodeIgniter.php(361): CodeIgniter\CodeIgniter->handleRequest(null, Object(Config\Cache), false)
 6 FCPATH\index.php(79): CodeIgniter\CodeIgniter->run()
CRITICAL - 2024-02-29 10:14:00 --> ErrorException: Undefined property: App\Controllers\AuthController::$input
in APPPATH\Controllers\AuthController.php on line 27.
 1 APPPATH\Controllers\AuthController.php(27): CodeIgniter\Debug\Exceptions->errorHandler(2, 'Undefined property: App\\Controllers\\AuthController::$input', 'C:\\xampp2\\htdocs\\chatBolivision\\app\\Controllers\\AuthController.php', 27)
 2 SYSTEMPATH\CodeIgniter.php(941): App\Controllers\AuthController->validationToken()
 3 SYSTEMPATH\CodeIgniter.php(502): CodeIgniter\CodeIgniter->runController(Object(App\Controllers\AuthController))
 4 SYSTEMPATH\CodeIgniter.php(361): CodeIgniter\CodeIgniter->handleRequest(null, Object(Config\Cache), false)
 5 FCPATH\index.php(79): CodeIgniter\CodeIgniter->run()
CRITICAL - 2024-02-29 10:16:07 --> ErrorException: Undefined property: App\Controllers\AuthController::$input
in APPPATH\Controllers\AuthController.php on line 27.
 1 APPPATH\Controllers\AuthController.php(27): CodeIgniter\Debug\Exceptions->errorHandler(2, 'Undefined property: App\\Controllers\\AuthController::$input', 'C:\\xampp2\\htdocs\\chatBolivision\\app\\Controllers\\AuthController.php', 27)
 2 SYSTEMPATH\CodeIgniter.php(941): App\Controllers\AuthController->validationToken()
 3 SYSTEMPATH\CodeIgniter.php(502): CodeIgniter\CodeIgniter->runController(Object(App\Controllers\AuthController))
 4 SYSTEMPATH\CodeIgniter.php(361): CodeIgniter\CodeIgniter->handleRequest(null, Object(Config\Cache), false)
 5 FCPATH\index.php(79): CodeIgniter\CodeIgniter->run()
CRITICAL - 2024-02-29 10:16:10 --> ErrorException: Undefined property: App\Controllers\AuthController::$input
in APPPATH\Controllers\AuthController.php on line 27.
 1 APPPATH\Controllers\AuthController.php(27): CodeIgniter\Debug\Exceptions->errorHandler(2, 'Undefined property: App\\Controllers\\AuthController::$input', 'C:\\xampp2\\htdocs\\chatBolivision\\app\\Controllers\\AuthController.php', 27)
 2 SYSTEMPATH\CodeIgniter.php(941): App\Controllers\AuthController->validationToken()
 3 SYSTEMPATH\CodeIgniter.php(502): CodeIgniter\CodeIgniter->runController(Object(App\Controllers\AuthController))
 4 SYSTEMPATH\CodeIgniter.php(361): CodeIgniter\CodeIgniter->handleRequest(null, Object(Config\Cache), false)
 5 FCPATH\index.php(79): CodeIgniter\CodeIgniter->run()
CRITICAL - 2024-02-29 10:16:15 --> ErrorException: Undefined property: App\Controllers\AuthController::$input
in APPPATH\Controllers\AuthController.php on line 27.
 1 APPPATH\Controllers\AuthController.php(27): CodeIgniter\Debug\Exceptions->errorHandler(2, 'Undefined property: App\\Controllers\\AuthController::$input', 'C:\\xampp2\\htdocs\\chatBolivision\\app\\Controllers\\AuthController.php', 27)
 2 SYSTEMPATH\CodeIgniter.php(941): App\Controllers\AuthController->validationToken()
 3 SYSTEMPATH\CodeIgniter.php(502): CodeIgniter\CodeIgniter->runController(Object(App\Controllers\AuthController))
 4 SYSTEMPATH\CodeIgniter.php(361): CodeIgniter\CodeIgniter->handleRequest(null, Object(Config\Cache), false)
 5 FCPATH\index.php(79): CodeIgniter\CodeIgniter->run()
CRITICAL - 2024-02-29 10:39:18 --> Error: Call to a member function getHeaderLine() on null
in APPPATH\Controllers\PublicationController.php on line 18.
 1 SYSTEMPATH\CodeIgniter.php(913): App\Controllers\PublicationController->__construct()
 2 SYSTEMPATH\CodeIgniter.php(493): CodeIgniter\CodeIgniter->createController()
 3 SYSTEMPATH\CodeIgniter.php(361): CodeIgniter\CodeIgniter->handleRequest(null, Object(Config\Cache), false)
 4 FCPATH\index.php(79): CodeIgniter\CodeIgniter->run()
CRITICAL - 2024-02-29 10:40:00 --> Error: Call to a member function setContentType() on null
in SYSTEMPATH\API\ResponseTrait.php on line 331.
 1 SYSTEMPATH\API\ResponseTrait.php(98): App\Controllers\AuthController->format([...])
 2 APPPATH\Controllers\AuthController.php(35): App\Controllers\AuthController->respond([...])
 3 APPPATH\Controllers\PublicationController.php(38): App\Controllers\AuthController->validationToken('eyJ0eXAiOiJKV1QiLCJhbGciOiJIUzI1NiJ9.eyJpZF91c3VhcmlvIjoiMzM1ODkwOCIsIm5vbV91c3VhcmlvIjoiTUlSQU5EQSBNRU5ET1pBIFNBTkRSTyIsImlkX2NhcmdvIjo4OCwiaWRfcm9sIjoxLCJleHAiOjE3MDkyMTg3MTd9.SwrkTriEIVs9caYg-2MKhfRKcqbj5eFHNejZNVSIvsQ')
 4 SYSTEMPATH\CodeIgniter.php(941): App\Controllers\PublicationController->storePublication()
 5 SYSTEMPATH\CodeIgniter.php(502): CodeIgniter\CodeIgniter->runController(Object(App\Controllers\PublicationController))
 6 SYSTEMPATH\CodeIgniter.php(361): CodeIgniter\CodeIgniter->handleRequest(null, Object(Config\Cache), false)
 7 FCPATH\index.php(79): CodeIgniter\CodeIgniter->run()
CRITICAL - 2024-02-29 10:40:41 --> Error: Call to a member function setContentType() on null
in SYSTEMPATH\API\ResponseTrait.php on line 331.
 1 SYSTEMPATH\API\ResponseTrait.php(98): App\Controllers\AuthController->format([...])
 2 APPPATH\Controllers\AuthController.php(35): App\Controllers\AuthController->respond([...])
 3 APPPATH\Controllers\PublicationController.php(38): App\Controllers\AuthController->validationToken('eyJ0eXAiOiJKV1QiLCJhbGciOiJIUzI1NiJ9.eyJpZF91c3VhcmlvIjoiMzM1ODkwOCIsIm5vbV91c3VhcmlvIjoiTUlSQU5EQSBNRU5ET1pBIFNBTkRSTyIsImlkX2NhcmdvIjo4OCwiaWRfcm9sIjoxLCJleHAiOjE3MDkyMTg3MTd9.SwrkTriEIVs9caYg-2MKhfRKcqbj5eFHNejZNVSIvsQ')
 4 SYSTEMPATH\CodeIgniter.php(941): App\Controllers\PublicationController->storePublication()
 5 SYSTEMPATH\CodeIgniter.php(502): CodeIgniter\CodeIgniter->runController(Object(App\Controllers\PublicationController))
 6 SYSTEMPATH\CodeIgniter.php(361): CodeIgniter\CodeIgniter->handleRequest(null, Object(Config\Cache), false)
 7 FCPATH\index.php(79): CodeIgniter\CodeIgniter->run()
CRITICAL - 2024-02-29 10:43:29 --> ArgumentCountError: Too few arguments to function App\Controllers\AuthController::validationToken(), 0 passed in C:\xampp2\htdocs\chatBolivision\system\CodeIgniter.php on line 941 and exactly 1 expected
in APPPATH\Controllers\AuthController.php on line 24.
 1 SYSTEMPATH\CodeIgniter.php(941): App\Controllers\AuthController->validationToken()
 2 SYSTEMPATH\CodeIgniter.php(502): CodeIgniter\CodeIgniter->runController(Object(App\Controllers\AuthController))
 3 SYSTEMPATH\CodeIgniter.php(361): CodeIgniter\CodeIgniter->handleRequest(null, Object(Config\Cache), false)
 4 FCPATH\index.php(79): CodeIgniter\CodeIgniter->run()
CRITICAL - 2024-02-29 10:44:18 --> TypeError: Firebase\JWT\JWT::decode(): Argument #1 ($jwt) must be of type string, array given, called in C:\xampp2\htdocs\chatBolivision\app\Controllers\AuthController.php on line 41
in VENDORPATH\firebase\php-jwt\src\JWT.php on line 96.
 1 APPPATH\Controllers\AuthController.php(41): Firebase\JWT\JWT::decode([...], Object(Firebase\JWT\Key))
 2 APPPATH\Controllers\AuthController.php(36): App\Controllers\AuthController->decodeJwt([...])
 3 SYSTEMPATH\CodeIgniter.php(941): App\Controllers\AuthController->validationToken()
 4 SYSTEMPATH\CodeIgniter.php(502): CodeIgniter\CodeIgniter->runController(Object(App\Controllers\AuthController))
 5 SYSTEMPATH\CodeIgniter.php(361): CodeIgniter\CodeIgniter->handleRequest(null, Object(Config\Cache), false)
 6 FCPATH\index.php(79): CodeIgniter\CodeIgniter->run()
CRITICAL - 2024-02-29 10:45:01 --> Error: Call to a member function setContentType() on null
in SYSTEMPATH\API\ResponseTrait.php on line 331.
 1 SYSTEMPATH\API\ResponseTrait.php(98): App\Controllers\AuthController->format([...])
 2 APPPATH\Controllers\AuthController.php(36): App\Controllers\AuthController->respond([...])
 3 APPPATH\Controllers\PublicationController.php(38): App\Controllers\AuthController->validationToken('eyJ0eXAiOiJKV1QiLCJhbGciOiJIUzI1NiJ9.eyJpZF91c3VhcmlvIjoiMzM1ODkwOCIsIm5vbV91c3VhcmlvIjoiTUlSQU5EQSBNRU5ET1pBIFNBTkRSTyIsImlkX2NhcmdvIjo4OCwiaWRfcm9sIjoxLCJleHAiOjE3MDkyMTg3MTd9.SwrkTriEIVs9caYg-2MKhfRKcqbj5eFHNejZNVSIvsQ')
 4 SYSTEMPATH\CodeIgniter.php(941): App\Controllers\PublicationController->storePublication()
 5 SYSTEMPATH\CodeIgniter.php(502): CodeIgniter\CodeIgniter->runController(Object(App\Controllers\PublicationController))
 6 SYSTEMPATH\CodeIgniter.php(361): CodeIgniter\CodeIgniter->handleRequest(null, Object(Config\Cache), false)
 7 FCPATH\index.php(79): CodeIgniter\CodeIgniter->run()
CRITICAL - 2024-02-29 10:47:01 --> Error: Call to a member function setContentType() on null
in SYSTEMPATH\API\ResponseTrait.php on line 331.
 1 SYSTEMPATH\API\ResponseTrait.php(98): App\Controllers\AuthController->format([...])
 2 SYSTEMPATH\API\ResponseTrait.php(135): App\Controllers\AuthController->respond([...], 401, '')
 3 SYSTEMPATH\API\ResponseTrait.php(198): App\Controllers\AuthController->fail([...], 401, null, '')
 4 APPPATH\Controllers\AuthController.php(34): App\Controllers\AuthController->failUnauthorized('400')
 5 APPPATH\Controllers\PublicationController.php(38): App\Controllers\AuthController->validationToken('yJ0eXAiOiJKV1QiLCJhbGciOiJIUzI1NiJ9.eyJpZF91c3VhcmlvIjoiMzM1ODkwOCIsIm5vbV91c3VhcmlvIjoiTUlSQU5EQSBNRU5ET1pBIFNBTkRSTyIsImlkX2NhcmdvIjo4OCwiaWRfcm9sIjoxLCJleHAiOjE3MDkyMTg3MTd9.SwrkTriEIVs9caYg-2MKhfRKcqbj5eFHNejZNVSIvsQ')
 6 SYSTEMPATH\CodeIgniter.php(941): App\Controllers\PublicationController->storePublication()
 7 SYSTEMPATH\CodeIgniter.php(502): CodeIgniter\CodeIgniter->runController(Object(App\Controllers\PublicationController))
 8 SYSTEMPATH\CodeIgniter.php(361): CodeIgniter\CodeIgniter->handleRequest(null, Object(Config\Cache), false)
 9 FCPATH\index.php(79): CodeIgniter\CodeIgniter->run()
CRITICAL - 2024-02-29 10:47:43 --> Error: Call to a member function setContentType() on null
in SYSTEMPATH\API\ResponseTrait.php on line 331.
 1 SYSTEMPATH\API\ResponseTrait.php(98): App\Controllers\AuthController->format([...])
 2 SYSTEMPATH\API\ResponseTrait.php(135): App\Controllers\AuthController->respond([...], 401, '')
 3 SYSTEMPATH\API\ResponseTrait.php(198): App\Controllers\AuthController->fail([...], 401, null, '')
 4 APPPATH\Controllers\AuthController.php(29): App\Controllers\AuthController->failUnauthorized('No se proporcionó ningún token')
 5 APPPATH\Controllers\PublicationController.php(38): App\Controllers\AuthController->validationToken('')
 6 SYSTEMPATH\CodeIgniter.php(941): App\Controllers\PublicationController->storePublication()
 7 SYSTEMPATH\CodeIgniter.php(502): CodeIgniter\CodeIgniter->runController(Object(App\Controllers\PublicationController))
 8 SYSTEMPATH\CodeIgniter.php(361): CodeIgniter\CodeIgniter->handleRequest(null, Object(Config\Cache), false)
 9 FCPATH\index.php(79): CodeIgniter\CodeIgniter->run()
